{"C:\\Users\\BrandonStevenson\\Desktop\\baseBot\\dental-training.js": {"path":"C:\\Users\\BrandonStevenson\\Desktop\\baseBot\\dental-training.js","statementMap":{"0":{"start":{"line":5,"column":28},"end":{"line":69,"column":1}},"1":{"start":{"line":74,"column":20},"end":{"line":103,"column":1}},"2":{"start":{"line":112,"column":25},"end":{"line":112,"column":46}},"3":{"start":{"line":113,"column":4},"end":{"line":117,"column":5}},"4":{"start":{"line":114,"column":8},"end":{"line":116,"column":9}},"5":{"start":{"line":115,"column":12},"end":{"line":115,"column":24}},"6":{"start":{"line":118,"column":4},"end":{"line":118,"column":17}},"7":{"start":{"line":130,"column":21},"end":{"line":130,"column":70}},"8":{"start":{"line":132,"column":4},"end":{"line":138,"column":5}},"9":{"start":{"line":133,"column":8},"end":{"line":137,"column":10}},"10":{"start":{"line":141,"column":18},"end":{"line":141,"column":96}},"11":{"start":{"line":144,"column":4},"end":{"line":146,"column":5}},"12":{"start":{"line":145,"column":8},"end":{"line":145,"column":201}},"13":{"start":{"line":149,"column":4},"end":{"line":151,"column":5}},"14":{"start":{"line":150,"column":8},"end":{"line":150,"column":205}},"15":{"start":{"line":154,"column":4},"end":{"line":157,"column":5}},"16":{"start":{"line":155,"column":30},"end":{"line":155,"column":79}},"17":{"start":{"line":156,"column":8},"end":{"line":156,"column":204}},"18":{"start":{"line":160,"column":4},"end":{"line":162,"column":5}},"19":{"start":{"line":161,"column":8},"end":{"line":161,"column":175}},"20":{"start":{"line":165,"column":21},"end":{"line":165,"column":53}},"21":{"start":{"line":166,"column":4},"end":{"line":168,"column":5}},"22":{"start":{"line":167,"column":8},"end":{"line":167,"column":72}},"23":{"start":{"line":169,"column":4},"end":{"line":171,"column":5}},"24":{"start":{"line":170,"column":8},"end":{"line":170,"column":76}},"25":{"start":{"line":173,"column":4},"end":{"line":177,"column":6}},"26":{"start":{"line":183,"column":23},"end":{"line":214,"column":1}},"27":{"start":{"line":190,"column":27},"end":{"line":190,"column":78}},"28":{"start":{"line":193,"column":8},"end":{"line":195,"column":9}},"29":{"start":{"line":194,"column":12},"end":{"line":194,"column":118}},"30":{"start":{"line":198,"column":8},"end":{"line":200,"column":9}},"31":{"start":{"line":199,"column":12},"end":{"line":199,"column":128}},"32":{"start":{"line":203,"column":8},"end":{"line":205,"column":9}},"33":{"start":{"line":204,"column":12},"end":{"line":204,"column":111}},"34":{"start":{"line":208,"column":8},"end":{"line":210,"column":9}},"35":{"start":{"line":209,"column":12},"end":{"line":209,"column":106}},"36":{"start":{"line":212,"column":8},"end":{"line":212,"column":20}},"37":{"start":{"line":219,"column":26},"end":{"line":269,"column":1}},"38":{"start":{"line":226,"column":21},"end":{"line":232,"column":9}},"39":{"start":{"line":235,"column":30},"end":{"line":239,"column":9}},"40":{"start":{"line":241,"column":8},"end":{"line":248,"column":9}},"41":{"start":{"line":242,"column":26},"end":{"line":242,"column":53}},"42":{"start":{"line":243,"column":12},"end":{"line":247,"column":13}},"43":{"start":{"line":244,"column":16},"end":{"line":244,"column":37}},"44":{"start":{"line":245,"column":16},"end":{"line":245,"column":38}},"45":{"start":{"line":246,"column":16},"end":{"line":246,"column":22}},"46":{"start":{"line":251,"column":27},"end":{"line":251,"column":102}},"47":{"start":{"line":252,"column":8},"end":{"line":255,"column":9}},"48":{"start":{"line":253,"column":12},"end":{"line":253,"column":33}},"49":{"start":{"line":254,"column":12},"end":{"line":254,"column":39}},"50":{"start":{"line":258,"column":29},"end":{"line":258,"column":84}},"51":{"start":{"line":259,"column":26},"end":{"line":259,"column":52}},"52":{"start":{"line":260,"column":8},"end":{"line":265,"column":9}},"53":{"start":{"line":261,"column":12},"end":{"line":264,"column":13}},"54":{"start":{"line":262,"column":16},"end":{"line":262,"column":45}},"55":{"start":{"line":263,"column":16},"end":{"line":263,"column":22}},"56":{"start":{"line":267,"column":8},"end":{"line":267,"column":20}},"57":{"start":{"line":282,"column":4},"end":{"line":290,"column":5}},"58":{"start":{"line":283,"column":8},"end":{"line":289,"column":10}},"59":{"start":{"line":293,"column":26},"end":{"line":293,"column":66}},"60":{"start":{"line":294,"column":4},"end":{"line":302,"column":5}},"61":{"start":{"line":295,"column":8},"end":{"line":301,"column":10}},"62":{"start":{"line":305,"column":50},"end":{"line":305,"column":81}},"63":{"start":{"line":308,"column":28},"end":{"line":310,"column":14}},"64":{"start":{"line":312,"column":4},"end":{"line":318,"column":6}},"65":{"start":{"line":324,"column":0},"end":{"line":333,"column":2}}},"fnMap":{"0":{"name":"containsKeywords","decl":{"start":{"line":111,"column":9},"end":{"line":111,"column":25}},"loc":{"start":{"line":111,"column":45},"end":{"line":119,"column":1}},"line":111},"1":{"name":"buildDentalContext","decl":{"start":{"line":129,"column":9},"end":{"line":129,"column":27}},"loc":{"start":{"line":129,"column":41},"end":{"line":178,"column":1}},"line":129},"2":{"name":"(anonymous_2)","decl":{"start":{"line":189,"column":4},"end":{"line":189,"column":5}},"loc":{"start":{"line":189,"column":26},"end":{"line":213,"column":5}},"line":189},"3":{"name":"(anonymous_3)","decl":{"start":{"line":225,"column":4},"end":{"line":225,"column":5}},"loc":{"start":{"line":225,"column":30},"end":{"line":268,"column":5}},"line":225},"4":{"name":"enhanceWithDentalTraining","decl":{"start":{"line":280,"column":9},"end":{"line":280,"column":34}},"loc":{"start":{"line":280,"column":71},"end":{"line":319,"column":1}},"line":280}},"branchMap":{"0":{"loc":{"start":{"line":114,"column":8},"end":{"line":116,"column":9}},"type":"if","locations":[{"start":{"line":114,"column":8},"end":{"line":116,"column":9}},{"start":{},"end":{}}],"line":114},"1":{"loc":{"start":{"line":132,"column":4},"end":{"line":138,"column":5}},"type":"if","locations":[{"start":{"line":132,"column":4},"end":{"line":138,"column":5}},{"start":{},"end":{}}],"line":132},"2":{"loc":{"start":{"line":144,"column":4},"end":{"line":146,"column":5}},"type":"if","locations":[{"start":{"line":144,"column":4},"end":{"line":146,"column":5}},{"start":{},"end":{}}],"line":144},"3":{"loc":{"start":{"line":149,"column":4},"end":{"line":151,"column":5}},"type":"if","locations":[{"start":{"line":149,"column":4},"end":{"line":151,"column":5}},{"start":{},"end":{}}],"line":149},"4":{"loc":{"start":{"line":154,"column":4},"end":{"line":157,"column":5}},"type":"if","locations":[{"start":{"line":154,"column":4},"end":{"line":157,"column":5}},{"start":{},"end":{}}],"line":154},"5":{"loc":{"start":{"line":160,"column":4},"end":{"line":162,"column":5}},"type":"if","locations":[{"start":{"line":160,"column":4},"end":{"line":162,"column":5}},{"start":{},"end":{}}],"line":160},"6":{"loc":{"start":{"line":166,"column":4},"end":{"line":168,"column":5}},"type":"if","locations":[{"start":{"line":166,"column":4},"end":{"line":168,"column":5}},{"start":{},"end":{}}],"line":166},"7":{"loc":{"start":{"line":166,"column":8},"end":{"line":166,"column":63}},"type":"binary-expr","locations":[{"start":{"line":166,"column":8},"end":{"line":166,"column":34}},{"start":{"line":166,"column":38},"end":{"line":166,"column":63}}],"line":166},"8":{"loc":{"start":{"line":169,"column":4},"end":{"line":171,"column":5}},"type":"if","locations":[{"start":{"line":169,"column":4},"end":{"line":171,"column":5}},{"start":{},"end":{}}],"line":169},"9":{"loc":{"start":{"line":169,"column":8},"end":{"line":169,"column":99}},"type":"binary-expr","locations":[{"start":{"line":169,"column":8},"end":{"line":169,"column":37}},{"start":{"line":169,"column":41},"end":{"line":169,"column":69}},{"start":{"line":169,"column":73},"end":{"line":169,"column":99}}],"line":169},"10":{"loc":{"start":{"line":193,"column":8},"end":{"line":195,"column":9}},"type":"if","locations":[{"start":{"line":193,"column":8},"end":{"line":195,"column":9}},{"start":{},"end":{}}],"line":193},"11":{"loc":{"start":{"line":193,"column":12},"end":{"line":193,"column":112}},"type":"binary-expr","locations":[{"start":{"line":193,"column":12},"end":{"line":193,"column":34}},{"start":{"line":193,"column":38},"end":{"line":193,"column":74}},{"start":{"line":193,"column":78},"end":{"line":193,"column":112}}],"line":193},"12":{"loc":{"start":{"line":198,"column":8},"end":{"line":200,"column":9}},"type":"if","locations":[{"start":{"line":198,"column":8},"end":{"line":200,"column":9}},{"start":{},"end":{}}],"line":198},"13":{"loc":{"start":{"line":198,"column":12},"end":{"line":198,"column":141}},"type":"binary-expr","locations":[{"start":{"line":198,"column":12},"end":{"line":198,"column":37}},{"start":{"line":198,"column":41},"end":{"line":198,"column":65}},{"start":{"line":198,"column":69},"end":{"line":198,"column":107}},{"start":{"line":198,"column":111},"end":{"line":198,"column":141}}],"line":198},"14":{"loc":{"start":{"line":203,"column":8},"end":{"line":205,"column":9}},"type":"if","locations":[{"start":{"line":203,"column":8},"end":{"line":205,"column":9}},{"start":{},"end":{}}],"line":203},"15":{"loc":{"start":{"line":203,"column":12},"end":{"line":203,"column":133}},"type":"binary-expr","locations":[{"start":{"line":203,"column":12},"end":{"line":203,"column":34}},{"start":{"line":203,"column":38},"end":{"line":203,"column":67}},{"start":{"line":203,"column":71},"end":{"line":203,"column":105}},{"start":{"line":203,"column":109},"end":{"line":203,"column":133}}],"line":203},"16":{"loc":{"start":{"line":208,"column":8},"end":{"line":210,"column":9}},"type":"if","locations":[{"start":{"line":208,"column":8},"end":{"line":210,"column":9}},{"start":{},"end":{}}],"line":208},"17":{"loc":{"start":{"line":208,"column":12},"end":{"line":208,"column":68}},"type":"binary-expr","locations":[{"start":{"line":208,"column":12},"end":{"line":208,"column":34}},{"start":{"line":208,"column":38},"end":{"line":208,"column":68}}],"line":208},"18":{"loc":{"start":{"line":243,"column":12},"end":{"line":247,"column":13}},"type":"if","locations":[{"start":{"line":243,"column":12},"end":{"line":247,"column":13}},{"start":{},"end":{}}],"line":243},"19":{"loc":{"start":{"line":252,"column":8},"end":{"line":255,"column":9}},"type":"if","locations":[{"start":{"line":252,"column":8},"end":{"line":255,"column":9}},{"start":{},"end":{}}],"line":252},"20":{"loc":{"start":{"line":261,"column":12},"end":{"line":264,"column":13}},"type":"if","locations":[{"start":{"line":261,"column":12},"end":{"line":264,"column":13}},{"start":{},"end":{}}],"line":261},"21":{"loc":{"start":{"line":280,"column":48},"end":{"line":280,"column":69}},"type":"default-arg","locations":[{"start":{"line":280,"column":60},"end":{"line":280,"column":69}}],"line":280},"22":{"loc":{"start":{"line":282,"column":4},"end":{"line":290,"column":5}},"type":"if","locations":[{"start":{"line":282,"column":4},"end":{"line":290,"column":5}},{"start":{},"end":{}}],"line":282},"23":{"loc":{"start":{"line":282,"column":8},"end":{"line":282,"column":55}},"type":"binary-expr","locations":[{"start":{"line":282,"column":8},"end":{"line":282,"column":20}},{"start":{"line":282,"column":24},"end":{"line":282,"column":55}}],"line":282},"24":{"loc":{"start":{"line":294,"column":4},"end":{"line":302,"column":5}},"type":"if","locations":[{"start":{"line":294,"column":4},"end":{"line":302,"column":5}},{"start":{},"end":{}}],"line":294},"25":{"loc":{"start":{"line":308,"column":28},"end":{"line":310,"column":14}},"type":"cond-expr","locations":[{"start":{"line":309,"column":10},"end":{"line":309,"column":52}},{"start":{"line":310,"column":10},"end":{"line":310,"column":14}}],"line":308}},"s":{"0":1,"1":1,"2":0,"3":0,"4":0,"5":0,"6":0,"7":0,"8":0,"9":0,"10":0,"11":0,"12":0,"13":0,"14":0,"15":0,"16":0,"17":0,"18":0,"19":0,"20":0,"21":0,"22":0,"23":0,"24":0,"25":0,"26":1,"27":0,"28":0,"29":0,"30":0,"31":0,"32":0,"33":0,"34":0,"35":0,"36":0,"37":1,"38":0,"39":0,"40":0,"41":0,"42":0,"43":0,"44":0,"45":0,"46":0,"47":0,"48":0,"49":0,"50":0,"51":0,"52":0,"53":0,"54":0,"55":0,"56":0,"57":0,"58":0,"59":0,"60":0,"61":0,"62":0,"63":0,"64":0,"65":1},"f":{"0":0,"1":0,"2":0,"3":0,"4":0},"b":{"0":[0,0],"1":[0,0],"2":[0,0],"3":[0,0],"4":[0,0],"5":[0,0],"6":[0,0],"7":[0,0],"8":[0,0],"9":[0,0,0],"10":[0,0],"11":[0,0,0],"12":[0,0],"13":[0,0,0,0],"14":[0,0],"15":[0,0,0,0],"16":[0,0],"17":[0,0],"18":[0,0],"19":[0,0],"20":[0,0],"21":[0],"22":[0,0],"23":[0,0],"24":[0,0],"25":[0,0]},"_coverageSchema":"1a1c01bbd47fc00a2c39e90264f33305004495a9","hash":"9ebf88dc28dafaf7b7c2ea35585506af340bce55"}
,"C:\\Users\\BrandonStevenson\\Desktop\\baseBot\\server.js": {"path":"C:\\Users\\BrandonStevenson\\Desktop\\baseBot\\server.js","statementMap":{"0":{"start":{"line":1,"column":16},"end":{"line":1,"column":34}},"1":{"start":{"line":2,"column":13},"end":{"line":2,"column":28}},"2":{"start":{"line":3,"column":13},"end":{"line":3,"column":28}},"3":{"start":{"line":4,"column":24},"end":{"line":4,"column":48}},"4":{"start":{"line":5,"column":15},"end":{"line":5,"column":43}},"5":{"start":{"line":7,"column":12},"end":{"line":7,"column":21}},"6":{"start":{"line":8,"column":13},"end":{"line":8,"column":37}},"7":{"start":{"line":11,"column":15},"end":{"line":11,"column":86}},"8":{"start":{"line":12,"column":11},"end":{"line":12,"column":38}},"9":{"start":{"line":15,"column":0},"end":{"line":15,"column":16}},"10":{"start":{"line":16,"column":0},"end":{"line":16,"column":41}},"11":{"start":{"line":17,"column":0},"end":{"line":17,"column":48}},"12":{"start":{"line":20,"column":0},"end":{"line":26,"column":3}},"13":{"start":{"line":21,"column":4},"end":{"line":25,"column":7}},"14":{"start":{"line":29,"column":0},"end":{"line":114,"column":3}},"15":{"start":{"line":30,"column":4},"end":{"line":113,"column":5}},"16":{"start":{"line":31,"column":28},"end":{"line":31,"column":36}},"17":{"start":{"line":34,"column":8},"end":{"line":38,"column":9}},"18":{"start":{"line":35,"column":12},"end":{"line":37,"column":15}},"19":{"start":{"line":40,"column":8},"end":{"line":44,"column":9}},"20":{"start":{"line":41,"column":12},"end":{"line":43,"column":15}},"21":{"start":{"line":47,"column":25},"end":{"line":47,"column":66}},"22":{"start":{"line":50,"column":8},"end":{"line":52,"column":9}},"23":{"start":{"line":51,"column":12},"end":{"line":51,"column":66}},"24":{"start":{"line":55,"column":29},"end":{"line":55,"column":82}},"25":{"start":{"line":58,"column":27},"end":{"line":58,"column":48}},"26":{"start":{"line":59,"column":24},"end":{"line":59,"column":67}},"27":{"start":{"line":59,"column":41},"end":{"line":59,"column":59}},"28":{"start":{"line":61,"column":8},"end":{"line":87,"column":9}},"29":{"start":{"line":62,"column":29},"end":{"line":65,"column":14}},"30":{"start":{"line":67,"column":12},"end":{"line":67,"column":34}},"31":{"start":{"line":70,"column":12},"end":{"line":76,"column":13}},"32":{"start":{"line":71,"column":16},"end":{"line":75,"column":19}},"33":{"start":{"line":79,"column":12},"end":{"line":82,"column":15}},"34":{"start":{"line":85,"column":12},"end":{"line":85,"column":34}},"35":{"start":{"line":86,"column":12},"end":{"line":86,"column":27}},"36":{"start":{"line":90,"column":8},"end":{"line":94,"column":11}},"37":{"start":{"line":97,"column":8},"end":{"line":101,"column":9}},"38":{"start":{"line":98,"column":12},"end":{"line":100,"column":15}},"39":{"start":{"line":103,"column":8},"end":{"line":107,"column":9}},"40":{"start":{"line":104,"column":12},"end":{"line":106,"column":15}},"41":{"start":{"line":110,"column":8},"end":{"line":112,"column":11}},"42":{"start":{"line":117,"column":0},"end":{"line":117,"column":46}},"43":{"start":{"line":120,"column":0},"end":{"line":122,"column":3}},"44":{"start":{"line":121,"column":4},"end":{"line":121,"column":53}},"45":{"start":{"line":125,"column":0},"end":{"line":135,"column":3}},"46":{"start":{"line":126,"column":4},"end":{"line":130,"column":7}},"47":{"start":{"line":132,"column":4},"end":{"line":134,"column":7}},"48":{"start":{"line":138,"column":15},"end":{"line":149,"column":2}},"49":{"start":{"line":139,"column":4},"end":{"line":148,"column":7}},"50":{"start":{"line":152,"column":0},"end":{"line":158,"column":3}},"51":{"start":{"line":153,"column":4},"end":{"line":153,"column":54}},"52":{"start":{"line":154,"column":4},"end":{"line":157,"column":7}},"53":{"start":{"line":155,"column":8},"end":{"line":155,"column":59}},"54":{"start":{"line":156,"column":8},"end":{"line":156,"column":24}},"55":{"start":{"line":160,"column":0},"end":{"line":166,"column":3}},"56":{"start":{"line":161,"column":4},"end":{"line":161,"column":53}},"57":{"start":{"line":162,"column":4},"end":{"line":165,"column":7}},"58":{"start":{"line":163,"column":8},"end":{"line":163,"column":59}},"59":{"start":{"line":164,"column":8},"end":{"line":164,"column":24}},"60":{"start":{"line":168,"column":0},"end":{"line":168,"column":21}}},"fnMap":{"0":{"name":"(anonymous_0)","decl":{"start":{"line":20,"column":23},"end":{"line":20,"column":24}},"loc":{"start":{"line":20,"column":37},"end":{"line":26,"column":1}},"line":20},"1":{"name":"(anonymous_1)","decl":{"start":{"line":29,"column":22},"end":{"line":29,"column":23}},"loc":{"start":{"line":29,"column":42},"end":{"line":114,"column":1}},"line":29},"2":{"name":"(anonymous_2)","decl":{"start":{"line":59,"column":35},"end":{"line":59,"column":36}},"loc":{"start":{"line":59,"column":41},"end":{"line":59,"column":59}},"line":59},"3":{"name":"(anonymous_3)","decl":{"start":{"line":120,"column":13},"end":{"line":120,"column":14}},"loc":{"start":{"line":120,"column":27},"end":{"line":122,"column":1}},"line":120},"4":{"name":"(anonymous_4)","decl":{"start":{"line":125,"column":8},"end":{"line":125,"column":9}},"loc":{"start":{"line":125,"column":33},"end":{"line":135,"column":1}},"line":125},"5":{"name":"(anonymous_5)","decl":{"start":{"line":138,"column":32},"end":{"line":138,"column":33}},"loc":{"start":{"line":138,"column":38},"end":{"line":149,"column":1}},"line":138},"6":{"name":"(anonymous_6)","decl":{"start":{"line":152,"column":22},"end":{"line":152,"column":23}},"loc":{"start":{"line":152,"column":28},"end":{"line":158,"column":1}},"line":152},"7":{"name":"(anonymous_7)","decl":{"start":{"line":154,"column":17},"end":{"line":154,"column":18}},"loc":{"start":{"line":154,"column":23},"end":{"line":157,"column":5}},"line":154},"8":{"name":"(anonymous_8)","decl":{"start":{"line":160,"column":21},"end":{"line":160,"column":22}},"loc":{"start":{"line":160,"column":27},"end":{"line":166,"column":1}},"line":160},"9":{"name":"(anonymous_9)","decl":{"start":{"line":162,"column":17},"end":{"line":162,"column":18}},"loc":{"start":{"line":162,"column":23},"end":{"line":165,"column":5}},"line":162}},"branchMap":{"0":{"loc":{"start":{"line":8,"column":13},"end":{"line":8,"column":37}},"type":"binary-expr","locations":[{"start":{"line":8,"column":13},"end":{"line":8,"column":29}},{"start":{"line":8,"column":33},"end":{"line":8,"column":37}}],"line":8},"1":{"loc":{"start":{"line":11,"column":15},"end":{"line":11,"column":86}},"type":"binary-expr","locations":[{"start":{"line":11,"column":15},"end":{"line":11,"column":41}},{"start":{"line":11,"column":45},"end":{"line":11,"column":86}}],"line":11},"2":{"loc":{"start":{"line":34,"column":8},"end":{"line":38,"column":9}},"type":"if","locations":[{"start":{"line":34,"column":8},"end":{"line":38,"column":9}},{"start":{},"end":{}}],"line":34},"3":{"loc":{"start":{"line":34,"column":12},"end":{"line":34,"column":51}},"type":"binary-expr","locations":[{"start":{"line":34,"column":12},"end":{"line":34,"column":20}},{"start":{"line":34,"column":24},"end":{"line":34,"column":51}}],"line":34},"4":{"loc":{"start":{"line":40,"column":8},"end":{"line":44,"column":9}},"type":"if","locations":[{"start":{"line":40,"column":8},"end":{"line":44,"column":9}},{"start":{},"end":{}}],"line":40},"5":{"loc":{"start":{"line":50,"column":8},"end":{"line":52,"column":9}},"type":"if","locations":[{"start":{"line":50,"column":8},"end":{"line":52,"column":9}},{"start":{},"end":{}}],"line":50},"6":{"loc":{"start":{"line":55,"column":29},"end":{"line":55,"column":82}},"type":"cond-expr","locations":[{"start":{"line":55,"column":49},"end":{"line":55,"column":72}},{"start":{"line":55,"column":75},"end":{"line":55,"column":82}}],"line":55},"7":{"loc":{"start":{"line":70,"column":12},"end":{"line":76,"column":13}},"type":"if","locations":[{"start":{"line":70,"column":12},"end":{"line":76,"column":13}},{"start":{},"end":{}}],"line":70},"8":{"loc":{"start":{"line":70,"column":16},"end":{"line":70,"column":82}},"type":"binary-expr","locations":[{"start":{"line":70,"column":16},"end":{"line":70,"column":47}},{"start":{"line":70,"column":51},"end":{"line":70,"column":82}}],"line":70},"9":{"loc":{"start":{"line":97,"column":8},"end":{"line":101,"column":9}},"type":"if","locations":[{"start":{"line":97,"column":8},"end":{"line":101,"column":9}},{"start":{},"end":{}}],"line":97},"10":{"loc":{"start":{"line":103,"column":8},"end":{"line":107,"column":9}},"type":"if","locations":[{"start":{"line":103,"column":8},"end":{"line":107,"column":9}},{"start":{},"end":{}}],"line":103},"11":{"loc":{"start":{"line":144,"column":19},"end":{"line":144,"column":56}},"type":"binary-expr","locations":[{"start":{"line":144,"column":19},"end":{"line":144,"column":39}},{"start":{"line":144,"column":43},"end":{"line":144,"column":56}}],"line":144}},"s":{"0":0,"1":0,"2":0,"3":0,"4":0,"5":0,"6":0,"7":0,"8":0,"9":0,"10":0,"11":0,"12":0,"13":0,"14":0,"15":0,"16":0,"17":0,"18":0,"19":0,"20":0,"21":0,"22":0,"23":0,"24":0,"25":0,"26":0,"27":0,"28":0,"29":0,"30":0,"31":0,"32":0,"33":0,"34":0,"35":0,"36":0,"37":0,"38":0,"39":0,"40":0,"41":0,"42":0,"43":0,"44":0,"45":0,"46":0,"47":0,"48":0,"49":0,"50":0,"51":0,"52":0,"53":0,"54":0,"55":0,"56":0,"57":0,"58":0,"59":0,"60":0},"f":{"0":0,"1":0,"2":0,"3":0,"4":0,"5":0,"6":0,"7":0,"8":0,"9":0},"b":{"0":[0,0],"1":[0,0],"2":[0,0],"3":[0,0],"4":[0,0],"5":[0,0],"6":[0,0],"7":[0,0],"8":[0,0],"9":[0,0],"10":[0,0],"11":[0,0]}}
}
