TN:
SF:dental-training.js
FN:111,containsKeywords
FN:129,buildDentalContext
FN:189,(anonymous_2)
FN:225,(anonymous_3)
FN:280,enhanceWithDentalTraining
FNF:5
FNH:0
FNDA:0,containsKeywords
FNDA:0,buildDentalContext
FNDA:0,(anonymous_2)
FNDA:0,(anonymous_3)
FNDA:0,enhanceWithDentalTraining
DA:5,1
DA:74,1
DA:112,0
DA:113,0
DA:114,0
DA:115,0
DA:118,0
DA:130,0
DA:132,0
DA:133,0
DA:141,0
DA:144,0
DA:145,0
DA:149,0
DA:150,0
DA:154,0
DA:155,0
DA:156,0
DA:160,0
DA:161,0
DA:165,0
DA:166,0
DA:167,0
DA:169,0
DA:170,0
DA:173,0
DA:183,1
DA:190,0
DA:193,0
DA:194,0
DA:198,0
DA:199,0
DA:203,0
DA:204,0
DA:208,0
DA:209,0
DA:212,0
DA:219,1
DA:226,0
DA:235,0
DA:241,0
DA:242,0
DA:243,0
DA:244,0
DA:245,0
DA:246,0
DA:251,0
DA:252,0
DA:253,0
DA:254,0
DA:258,0
DA:259,0
DA:260,0
DA:261,0
DA:262,0
DA:263,0
DA:267,0
DA:282,0
DA:283,0
DA:293,0
DA:294,0
DA:295,0
DA:305,0
DA:308,0
DA:312,0
DA:324,1
LF:66
LH:5
BRDA:114,0,0,0
BRDA:114,0,1,0
BRDA:132,1,0,0
BRDA:132,1,1,0
BRDA:144,2,0,0
BRDA:144,2,1,0
BRDA:149,3,0,0
BRDA:149,3,1,0
BRDA:154,4,0,0
BRDA:154,4,1,0
BRDA:160,5,0,0
BRDA:160,5,1,0
BRDA:166,6,0,0
BRDA:166,6,1,0
BRDA:166,7,0,0
BRDA:166,7,1,0
BRDA:169,8,0,0
BRDA:169,8,1,0
BRDA:169,9,0,0
BRDA:169,9,1,0
BRDA:169,9,2,0
BRDA:193,10,0,0
BRDA:193,10,1,0
BRDA:193,11,0,0
BRDA:193,11,1,0
BRDA:193,11,2,0
BRDA:198,12,0,0
BRDA:198,12,1,0
BRDA:198,13,0,0
BRDA:198,13,1,0
BRDA:198,13,2,0
BRDA:198,13,3,0
BRDA:203,14,0,0
BRDA:203,14,1,0
BRDA:203,15,0,0
BRDA:203,15,1,0
BRDA:203,15,2,0
BRDA:203,15,3,0
BRDA:208,16,0,0
BRDA:208,16,1,0
BRDA:208,17,0,0
BRDA:208,17,1,0
BRDA:243,18,0,0
BRDA:243,18,1,0
BRDA:252,19,0,0
BRDA:252,19,1,0
BRDA:261,20,0,0
BRDA:261,20,1,0
BRDA:280,21,0,0
BRDA:282,22,0,0
BRDA:282,22,1,0
BRDA:282,23,0,0
BRDA:282,23,1,0
BRDA:294,24,0,0
BRDA:294,24,1,0
BRDA:308,25,0,0
BRDA:308,25,1,0
BRF:57
BRH:0
end_of_record
TN:
SF:server.js
FN:20,(anonymous_0)
FN:29,(anonymous_1)
FN:59,(anonymous_2)
FN:120,(anonymous_3)
FN:125,(anonymous_4)
FN:138,(anonymous_5)
FN:152,(anonymous_6)
FN:154,(anonymous_7)
FN:160,(anonymous_8)
FN:162,(anonymous_9)
FNF:10
FNH:0
FNDA:0,(anonymous_0)
FNDA:0,(anonymous_1)
FNDA:0,(anonymous_2)
FNDA:0,(anonymous_3)
FNDA:0,(anonymous_4)
FNDA:0,(anonymous_5)
FNDA:0,(anonymous_6)
FNDA:0,(anonymous_7)
FNDA:0,(anonymous_8)
FNDA:0,(anonymous_9)
DA:1,0
DA:2,0
DA:3,0
DA:4,0
DA:5,0
DA:7,0
DA:8,0
DA:11,0
DA:12,0
DA:15,0
DA:16,0
DA:17,0
DA:20,0
DA:21,0
DA:29,0
DA:30,0
DA:31,0
DA:34,0
DA:35,0
DA:40,0
DA:41,0
DA:47,0
DA:50,0
DA:51,0
DA:55,0
DA:58,0
DA:59,0
DA:61,0
DA:62,0
DA:67,0
DA:70,0
DA:71,0
DA:79,0
DA:85,0
DA:86,0
DA:90,0
DA:97,0
DA:98,0
DA:103,0
DA:104,0
DA:110,0
DA:117,0
DA:120,0
DA:121,0
DA:125,0
DA:126,0
DA:132,0
DA:138,0
DA:139,0
DA:152,0
DA:153,0
DA:154,0
DA:155,0
DA:156,0
DA:160,0
DA:161,0
DA:162,0
DA:163,0
DA:164,0
DA:168,0
LF:60
LH:0
BRDA:8,0,0,0
BRDA:8,0,1,0
BRDA:11,1,0,0
BRDA:11,1,1,0
BRDA:34,2,0,0
BRDA:34,2,1,0
BRDA:34,3,0,0
BRDA:34,3,1,0
BRDA:40,4,0,0
BRDA:40,4,1,0
BRDA:50,5,0,0
BRDA:50,5,1,0
BRDA:55,6,0,0
BRDA:55,6,1,0
BRDA:70,7,0,0
BRDA:70,7,1,0
BRDA:70,8,0,0
BRDA:70,8,1,0
BRDA:97,9,0,0
BRDA:97,9,1,0
BRDA:103,10,0,0
BRDA:103,10,1,0
BRDA:144,11,0,0
BRDA:144,11,1,0
BRF:24
BRH:0
end_of_record
